<?xml version="1.0" encoding="UTF-8"?>
<robot generator="Robot 6.1.1 (Python 3.10.12 on linux)" generated="20231120 17:38:21.909" rpa="false" schemaversion="4">
<suite id="s1" name="Tests" source="/home/edjunno/university/ohtu/palautusrepositorio/viikko3/web-login/src/tests">
<suite id="s1-s1" name="Home" source="/home/edjunno/university/ohtu/palautusrepositorio/viikko3/web-login/src/tests/home.robot">
<kw name="Open And Configure Browser" library="resource" type="SETUP">
<kw name="Evaluate" library="BuiltIn">
<var>${options}</var>
<arg>sys.modules['selenium.webdriver'].ChromeOptions()</arg>
<arg>sys</arg>
<doc>Evaluates the given expression in Python and returns the result.</doc>
<msg timestamp="20231120 17:38:22.011" level="INFO">${options} = &lt;selenium.webdriver.chrome.options.Options object at 0x7f7495ab57e0&gt;</msg>
<status status="PASS" starttime="20231120 17:38:22.010" endtime="20231120 17:38:22.011"/>
</kw>
<kw name="Call Method" library="BuiltIn">
<arg>${options}</arg>
<arg>add_argument</arg>
<arg>--no-sandbox</arg>
<doc>Calls the named method of the given object with the provided arguments.</doc>
<status status="PASS" starttime="20231120 17:38:22.011" endtime="20231120 17:38:22.011"/>
</kw>
<kw name="Call Method" library="BuiltIn">
<arg>${options}</arg>
<arg>add_argument</arg>
<arg>--headless</arg>
<doc>Calls the named method of the given object with the provided arguments.</doc>
<status status="PASS" starttime="20231120 17:38:22.011" endtime="20231120 17:38:22.011"/>
</kw>
<kw name="Open Browser" library="SeleniumLibrary">
<arg>browser=chrome</arg>
<arg>options=${options}</arg>
<doc>Opens a new browser instance to the optional ``url``.</doc>
<msg timestamp="20231120 17:38:22.011" level="INFO">Opening browser 'chrome' to base url 'None'.</msg>
<status status="PASS" starttime="20231120 17:38:22.011" endtime="20231120 17:38:22.667"/>
</kw>
<kw name="Set Selenium Speed" library="SeleniumLibrary">
<arg>${DELAY}</arg>
<doc>Sets the delay that is waited after each Selenium command.</doc>
<status status="PASS" starttime="20231120 17:38:22.667" endtime="20231120 17:38:22.668"/>
</kw>
<status status="PASS" starttime="20231120 17:38:22.010" endtime="20231120 17:38:22.668"/>
</kw>
<test id="s1-s1-t1" name="Click Login Link" line="8">
<kw name="Go To Starting Page" library="resource" type="SETUP">
<kw name="Go To" library="SeleniumLibrary">
<arg>${HOME_URL}</arg>
<doc>Navigates the current browser window to the provided ``url``.</doc>
<msg timestamp="20231120 17:38:22.668" level="INFO">Opening url 'http://localhost:5001'</msg>
<status status="PASS" starttime="20231120 17:38:22.668" endtime="20231120 17:38:22.692"/>
</kw>
<status status="PASS" starttime="20231120 17:38:22.668" endtime="20231120 17:38:22.692"/>
</kw>
<kw name="Click Link" library="SeleniumLibrary">
<arg>Login</arg>
<doc>Clicks a link identified by ``locator``.</doc>
<msg timestamp="20231120 17:38:22.693" level="INFO">Clicking link 'Login'.</msg>
<status status="PASS" starttime="20231120 17:38:22.692" endtime="20231120 17:38:22.731"/>
</kw>
<kw name="Login Page Should Be Open" library="resource">
<kw name="Title Should Be" library="SeleniumLibrary">
<arg>Login</arg>
<doc>Verifies that the current page title equals ``title``.</doc>
<msg timestamp="20231120 17:38:22.734" level="INFO">Page title is 'Login'.</msg>
<status status="PASS" starttime="20231120 17:38:22.731" endtime="20231120 17:38:22.734"/>
</kw>
<status status="PASS" starttime="20231120 17:38:22.731" endtime="20231120 17:38:22.734"/>
</kw>
<status status="PASS" starttime="20231120 17:38:22.668" endtime="20231120 17:38:22.734"/>
</test>
<test id="s1-s1-t2" name="Click Register Link" line="12">
<kw name="Go To Starting Page" library="resource" type="SETUP">
<kw name="Go To" library="SeleniumLibrary">
<arg>${HOME_URL}</arg>
<doc>Navigates the current browser window to the provided ``url``.</doc>
<msg timestamp="20231120 17:38:22.735" level="INFO">Opening url 'http://localhost:5001'</msg>
<status status="PASS" starttime="20231120 17:38:22.735" endtime="20231120 17:38:22.742"/>
</kw>
<status status="PASS" starttime="20231120 17:38:22.735" endtime="20231120 17:38:22.742"/>
</kw>
<kw name="Click Link" library="SeleniumLibrary">
<arg>Register new user</arg>
<doc>Clicks a link identified by ``locator``.</doc>
<msg timestamp="20231120 17:38:22.742" level="INFO">Clicking link 'Register new user'.</msg>
<status status="PASS" starttime="20231120 17:38:22.742" endtime="20231120 17:38:22.772"/>
</kw>
<kw name="Register Page Should Be Open" library="resource">
<kw name="Title Should Be" library="SeleniumLibrary">
<arg>Register</arg>
<doc>Verifies that the current page title equals ``title``.</doc>
<msg timestamp="20231120 17:38:22.774" level="INFO">Page title is 'Register'.</msg>
<status status="PASS" starttime="20231120 17:38:22.772" endtime="20231120 17:38:22.774"/>
</kw>
<status status="PASS" starttime="20231120 17:38:22.772" endtime="20231120 17:38:22.774"/>
</kw>
<status status="PASS" starttime="20231120 17:38:22.734" endtime="20231120 17:38:22.774"/>
</test>
<kw name="Close Browser" library="SeleniumLibrary" type="TEARDOWN">
<doc>Closes the current browser.</doc>
<status status="PASS" starttime="20231120 17:38:22.775" endtime="20231120 17:38:22.833"/>
</kw>
<status status="PASS" starttime="20231120 17:38:21.920" endtime="20231120 17:38:22.833"/>
</suite>
<suite id="s1-s2" name="Login" source="/home/edjunno/university/ohtu/palautusrepositorio/viikko3/web-login/src/tests/login.robot">
<kw name="Open And Configure Browser" library="resource" type="SETUP">
<kw name="Evaluate" library="BuiltIn">
<var>${options}</var>
<arg>sys.modules['selenium.webdriver'].ChromeOptions()</arg>
<arg>sys</arg>
<doc>Evaluates the given expression in Python and returns the result.</doc>
<msg timestamp="20231120 17:38:22.841" level="INFO">${options} = &lt;selenium.webdriver.chrome.options.Options object at 0x7f7495ab6d70&gt;</msg>
<status status="PASS" starttime="20231120 17:38:22.840" endtime="20231120 17:38:22.841"/>
</kw>
<kw name="Call Method" library="BuiltIn">
<arg>${options}</arg>
<arg>add_argument</arg>
<arg>--no-sandbox</arg>
<doc>Calls the named method of the given object with the provided arguments.</doc>
<status status="PASS" starttime="20231120 17:38:22.841" endtime="20231120 17:38:22.841"/>
</kw>
<kw name="Call Method" library="BuiltIn">
<arg>${options}</arg>
<arg>add_argument</arg>
<arg>--headless</arg>
<doc>Calls the named method of the given object with the provided arguments.</doc>
<status status="PASS" starttime="20231120 17:38:22.842" endtime="20231120 17:38:22.842"/>
</kw>
<kw name="Open Browser" library="SeleniumLibrary">
<arg>browser=chrome</arg>
<arg>options=${options}</arg>
<doc>Opens a new browser instance to the optional ``url``.</doc>
<msg timestamp="20231120 17:38:22.843" level="INFO">Opening browser 'chrome' to base url 'None'.</msg>
<status status="PASS" starttime="20231120 17:38:22.842" endtime="20231120 17:38:23.521"/>
</kw>
<kw name="Set Selenium Speed" library="SeleniumLibrary">
<arg>${DELAY}</arg>
<doc>Sets the delay that is waited after each Selenium command.</doc>
<status status="PASS" starttime="20231120 17:38:23.521" endtime="20231120 17:38:23.521"/>
</kw>
<status status="PASS" starttime="20231120 17:38:22.840" endtime="20231120 17:38:23.521"/>
</kw>
<test id="s1-s2-t1" name="Login With Correct Credentials" line="8">
<kw name="Create User And Go To Login Page" type="SETUP">
<kw name="Create User" library="AppLibrary">
<arg>kalle</arg>
<arg>kalle123</arg>
<status status="PASS" starttime="20231120 17:38:23.522" endtime="20231120 17:38:23.527"/>
</kw>
<kw name="Go To Login Page" library="resource">
<kw name="Go To" library="SeleniumLibrary">
<arg>${LOGIN_URL}</arg>
<doc>Navigates the current browser window to the provided ``url``.</doc>
<msg timestamp="20231120 17:38:23.527" level="INFO">Opening url 'http://localhost:5001/login'</msg>
<status status="PASS" starttime="20231120 17:38:23.527" endtime="20231120 17:38:23.553"/>
</kw>
<status status="PASS" starttime="20231120 17:38:23.527" endtime="20231120 17:38:23.553"/>
</kw>
<kw name="Login Page Should Be Open" library="resource">
<kw name="Title Should Be" library="SeleniumLibrary">
<arg>Login</arg>
<doc>Verifies that the current page title equals ``title``.</doc>
<msg timestamp="20231120 17:38:23.556" level="INFO">Page title is 'Login'.</msg>
<status status="PASS" starttime="20231120 17:38:23.554" endtime="20231120 17:38:23.556"/>
</kw>
<status status="PASS" starttime="20231120 17:38:23.553" endtime="20231120 17:38:23.556"/>
</kw>
<status status="PASS" starttime="20231120 17:38:23.522" endtime="20231120 17:38:23.556"/>
</kw>
<kw name="Set Username" library="resource">
<arg>kalle</arg>
<kw name="Input Text" library="SeleniumLibrary">
<arg>username</arg>
<arg>${username}</arg>
<doc>Types the given ``text`` into the text field identified by ``locator``.</doc>
<msg timestamp="20231120 17:38:23.557" level="INFO">Typing text 'kalle' into text field 'username'.</msg>
<status status="PASS" starttime="20231120 17:38:23.557" endtime="20231120 17:38:23.611"/>
</kw>
<status status="PASS" starttime="20231120 17:38:23.557" endtime="20231120 17:38:23.611"/>
</kw>
<kw name="Set Password" library="resource">
<arg>kalle123</arg>
<kw name="Input Password" library="SeleniumLibrary">
<arg>password</arg>
<arg>${password}</arg>
<doc>Types the given password into the text field identified by ``locator``.</doc>
<msg timestamp="20231120 17:38:23.612" level="INFO">Typing password into text field 'password'.</msg>
<msg timestamp="20231120 17:38:23.630" level="INFO">Temporally setting log level to: NONE</msg>
<msg timestamp="20231120 17:38:23.650" level="INFO">Log level changed from NONE to INFO.</msg>
<status status="PASS" starttime="20231120 17:38:23.612" endtime="20231120 17:38:23.650"/>
</kw>
<status status="PASS" starttime="20231120 17:38:23.611" endtime="20231120 17:38:23.650"/>
</kw>
<kw name="Submit Credentials">
<kw name="Click Button" library="SeleniumLibrary">
<arg>Login</arg>
<doc>Clicks the button identified by ``locator``.</doc>
<msg timestamp="20231120 17:38:23.651" level="INFO">Clicking button 'Login'.</msg>
<status status="PASS" starttime="20231120 17:38:23.651" endtime="20231120 17:38:23.689"/>
</kw>
<status status="PASS" starttime="20231120 17:38:23.651" endtime="20231120 17:38:23.689"/>
</kw>
<kw name="Login Should Succeed">
<kw name="Main Page Should Be Open" library="resource">
<kw name="Title Should Be" library="SeleniumLibrary">
<arg>Ohtu Application main page</arg>
<doc>Verifies that the current page title equals ``title``.</doc>
<msg timestamp="20231120 17:38:23.691" level="INFO">Page title is 'Ohtu Application main page'.</msg>
<status status="PASS" starttime="20231120 17:38:23.689" endtime="20231120 17:38:23.691"/>
</kw>
<status status="PASS" starttime="20231120 17:38:23.689" endtime="20231120 17:38:23.691"/>
</kw>
<status status="PASS" starttime="20231120 17:38:23.689" endtime="20231120 17:38:23.691"/>
</kw>
<status status="PASS" starttime="20231120 17:38:23.521" endtime="20231120 17:38:23.691"/>
</test>
<test id="s1-s2-t2" name="Login With Incorrect Password" line="14">
<kw name="Create User And Go To Login Page" type="SETUP">
<kw name="Create User" library="AppLibrary">
<arg>kalle</arg>
<arg>kalle123</arg>
<status status="PASS" starttime="20231120 17:38:23.692" endtime="20231120 17:38:23.697"/>
</kw>
<kw name="Go To Login Page" library="resource">
<kw name="Go To" library="SeleniumLibrary">
<arg>${LOGIN_URL}</arg>
<doc>Navigates the current browser window to the provided ``url``.</doc>
<msg timestamp="20231120 17:38:23.698" level="INFO">Opening url 'http://localhost:5001/login'</msg>
<status status="PASS" starttime="20231120 17:38:23.698" endtime="20231120 17:38:23.709"/>
</kw>
<status status="PASS" starttime="20231120 17:38:23.698" endtime="20231120 17:38:23.709"/>
</kw>
<kw name="Login Page Should Be Open" library="resource">
<kw name="Title Should Be" library="SeleniumLibrary">
<arg>Login</arg>
<doc>Verifies that the current page title equals ``title``.</doc>
<msg timestamp="20231120 17:38:23.711" level="INFO">Page title is 'Login'.</msg>
<status status="PASS" starttime="20231120 17:38:23.709" endtime="20231120 17:38:23.711"/>
</kw>
<status status="PASS" starttime="20231120 17:38:23.709" endtime="20231120 17:38:23.711"/>
</kw>
<status status="PASS" starttime="20231120 17:38:23.692" endtime="20231120 17:38:23.711"/>
</kw>
<kw name="Set Username" library="resource">
<arg>kalle</arg>
<kw name="Input Text" library="SeleniumLibrary">
<arg>username</arg>
<arg>${username}</arg>
<doc>Types the given ``text`` into the text field identified by ``locator``.</doc>
<msg timestamp="20231120 17:38:23.712" level="INFO">Typing text 'kalle' into text field 'username'.</msg>
<status status="PASS" starttime="20231120 17:38:23.711" endtime="20231120 17:38:23.746"/>
</kw>
<status status="PASS" starttime="20231120 17:38:23.711" endtime="20231120 17:38:23.746"/>
</kw>
<kw name="Set Password" library="resource">
<arg>kalle456</arg>
<kw name="Input Password" library="SeleniumLibrary">
<arg>password</arg>
<arg>${password}</arg>
<doc>Types the given password into the text field identified by ``locator``.</doc>
<msg timestamp="20231120 17:38:23.746" level="INFO">Typing password into text field 'password'.</msg>
<msg timestamp="20231120 17:38:23.762" level="INFO">Temporally setting log level to: NONE</msg>
<msg timestamp="20231120 17:38:23.781" level="INFO">Log level changed from NONE to INFO.</msg>
<status status="PASS" starttime="20231120 17:38:23.746" endtime="20231120 17:38:23.781"/>
</kw>
<status status="PASS" starttime="20231120 17:38:23.746" endtime="20231120 17:38:23.781"/>
</kw>
<kw name="Submit Credentials">
<kw name="Click Button" library="SeleniumLibrary">
<arg>Login</arg>
<doc>Clicks the button identified by ``locator``.</doc>
<msg timestamp="20231120 17:38:23.782" level="INFO">Clicking button 'Login'.</msg>
<status status="PASS" starttime="20231120 17:38:23.781" endtime="20231120 17:38:23.811"/>
</kw>
<status status="PASS" starttime="20231120 17:38:23.781" endtime="20231120 17:38:23.811"/>
</kw>
<kw name="Login Should Fail With Message" library="resource">
<arg>Invalid username or password</arg>
<kw name="Login Page Should Be Open" library="resource">
<kw name="Title Should Be" library="SeleniumLibrary">
<arg>Login</arg>
<doc>Verifies that the current page title equals ``title``.</doc>
<msg timestamp="20231120 17:38:23.813" level="INFO">Page title is 'Login'.</msg>
<status status="PASS" starttime="20231120 17:38:23.811" endtime="20231120 17:38:23.813"/>
</kw>
<status status="PASS" starttime="20231120 17:38:23.811" endtime="20231120 17:38:23.813"/>
</kw>
<kw name="Page Should Contain" library="SeleniumLibrary">
<arg>${message}</arg>
<doc>Verifies that current page contains ``text``.</doc>
<msg timestamp="20231120 17:38:23.822" level="INFO">Current page contains text 'Invalid username or password'.</msg>
<status status="PASS" starttime="20231120 17:38:23.813" endtime="20231120 17:38:23.822"/>
</kw>
<status status="PASS" starttime="20231120 17:38:23.811" endtime="20231120 17:38:23.822"/>
</kw>
<status status="PASS" starttime="20231120 17:38:23.692" endtime="20231120 17:38:23.822"/>
</test>
<test id="s1-s2-t3" name="Login With Nonexistent Username" line="20">
<kw name="Create User And Go To Login Page" type="SETUP">
<kw name="Create User" library="AppLibrary">
<arg>kalle</arg>
<arg>kalle123</arg>
<status status="PASS" starttime="20231120 17:38:23.823" endtime="20231120 17:38:23.828"/>
</kw>
<kw name="Go To Login Page" library="resource">
<kw name="Go To" library="SeleniumLibrary">
<arg>${LOGIN_URL}</arg>
<doc>Navigates the current browser window to the provided ``url``.</doc>
<msg timestamp="20231120 17:38:23.828" level="INFO">Opening url 'http://localhost:5001/login'</msg>
<status status="PASS" starttime="20231120 17:38:23.828" endtime="20231120 17:38:23.835"/>
</kw>
<status status="PASS" starttime="20231120 17:38:23.828" endtime="20231120 17:38:23.835"/>
</kw>
<kw name="Login Page Should Be Open" library="resource">
<kw name="Title Should Be" library="SeleniumLibrary">
<arg>Login</arg>
<doc>Verifies that the current page title equals ``title``.</doc>
<msg timestamp="20231120 17:38:23.837" level="INFO">Page title is 'Login'.</msg>
<status status="PASS" starttime="20231120 17:38:23.835" endtime="20231120 17:38:23.837"/>
</kw>
<status status="PASS" starttime="20231120 17:38:23.835" endtime="20231120 17:38:23.838"/>
</kw>
<status status="PASS" starttime="20231120 17:38:23.822" endtime="20231120 17:38:23.838"/>
</kw>
<kw name="Set Username" library="resource">
<arg>kalle</arg>
<kw name="Input Text" library="SeleniumLibrary">
<arg>username</arg>
<arg>${username}</arg>
<doc>Types the given ``text`` into the text field identified by ``locator``.</doc>
<msg timestamp="20231120 17:38:23.838" level="INFO">Typing text 'kalle' into text field 'username'.</msg>
<status status="PASS" starttime="20231120 17:38:23.838" endtime="20231120 17:38:23.872"/>
</kw>
<status status="PASS" starttime="20231120 17:38:23.838" endtime="20231120 17:38:23.872"/>
</kw>
<kw name="Set Password" library="resource">
<arg>kalle456</arg>
<kw name="Input Password" library="SeleniumLibrary">
<arg>password</arg>
<arg>${password}</arg>
<doc>Types the given password into the text field identified by ``locator``.</doc>
<msg timestamp="20231120 17:38:23.873" level="INFO">Typing password into text field 'password'.</msg>
<msg timestamp="20231120 17:38:23.889" level="INFO">Temporally setting log level to: NONE</msg>
<msg timestamp="20231120 17:38:23.907" level="INFO">Log level changed from NONE to INFO.</msg>
<status status="PASS" starttime="20231120 17:38:23.873" endtime="20231120 17:38:23.907"/>
</kw>
<status status="PASS" starttime="20231120 17:38:23.872" endtime="20231120 17:38:23.907"/>
</kw>
<kw name="Submit Credentials">
<kw name="Click Button" library="SeleniumLibrary">
<arg>Login</arg>
<doc>Clicks the button identified by ``locator``.</doc>
<msg timestamp="20231120 17:38:23.908" level="INFO">Clicking button 'Login'.</msg>
<status status="PASS" starttime="20231120 17:38:23.908" endtime="20231120 17:38:23.937"/>
</kw>
<status status="PASS" starttime="20231120 17:38:23.908" endtime="20231120 17:38:23.937"/>
</kw>
<kw name="Login Should Fail With Message" library="resource">
<arg>Invalid username or password</arg>
<kw name="Login Page Should Be Open" library="resource">
<kw name="Title Should Be" library="SeleniumLibrary">
<arg>Login</arg>
<doc>Verifies that the current page title equals ``title``.</doc>
<msg timestamp="20231120 17:38:23.940" level="INFO">Page title is 'Login'.</msg>
<status status="PASS" starttime="20231120 17:38:23.938" endtime="20231120 17:38:23.940"/>
</kw>
<status status="PASS" starttime="20231120 17:38:23.938" endtime="20231120 17:38:23.940"/>
</kw>
<kw name="Page Should Contain" library="SeleniumLibrary">
<arg>${message}</arg>
<doc>Verifies that current page contains ``text``.</doc>
<msg timestamp="20231120 17:38:23.945" level="INFO">Current page contains text 'Invalid username or password'.</msg>
<status status="PASS" starttime="20231120 17:38:23.940" endtime="20231120 17:38:23.945"/>
</kw>
<status status="PASS" starttime="20231120 17:38:23.937" endtime="20231120 17:38:23.945"/>
</kw>
<status status="PASS" starttime="20231120 17:38:23.822" endtime="20231120 17:38:23.945"/>
</test>
<kw name="Close Browser" library="SeleniumLibrary" type="TEARDOWN">
<doc>Closes the current browser.</doc>
<status status="PASS" starttime="20231120 17:38:23.946" endtime="20231120 17:38:24.007"/>
</kw>
<status status="PASS" starttime="20231120 17:38:22.834" endtime="20231120 17:38:24.007"/>
</suite>
<suite id="s1-s3" name="Register" source="/home/edjunno/university/ohtu/palautusrepositorio/viikko3/web-login/src/tests/register.robot">
<kw name="Open And Configure Browser" library="resource" type="SETUP">
<kw name="Evaluate" library="BuiltIn">
<var>${options}</var>
<arg>sys.modules['selenium.webdriver'].ChromeOptions()</arg>
<arg>sys</arg>
<doc>Evaluates the given expression in Python and returns the result.</doc>
<msg timestamp="20231120 17:38:24.014" level="INFO">${options} = &lt;selenium.webdriver.chrome.options.Options object at 0x7f7495807f70&gt;</msg>
<status status="PASS" starttime="20231120 17:38:24.014" endtime="20231120 17:38:24.014"/>
</kw>
<kw name="Call Method" library="BuiltIn">
<arg>${options}</arg>
<arg>add_argument</arg>
<arg>--no-sandbox</arg>
<doc>Calls the named method of the given object with the provided arguments.</doc>
<status status="PASS" starttime="20231120 17:38:24.014" endtime="20231120 17:38:24.015"/>
</kw>
<kw name="Call Method" library="BuiltIn">
<arg>${options}</arg>
<arg>add_argument</arg>
<arg>--headless</arg>
<doc>Calls the named method of the given object with the provided arguments.</doc>
<status status="PASS" starttime="20231120 17:38:24.015" endtime="20231120 17:38:24.015"/>
</kw>
<kw name="Open Browser" library="SeleniumLibrary">
<arg>browser=chrome</arg>
<arg>options=${options}</arg>
<doc>Opens a new browser instance to the optional ``url``.</doc>
<msg timestamp="20231120 17:38:24.016" level="INFO">Opening browser 'chrome' to base url 'None'.</msg>
<status status="PASS" starttime="20231120 17:38:24.015" endtime="20231120 17:38:24.690"/>
</kw>
<kw name="Set Selenium Speed" library="SeleniumLibrary">
<arg>${DELAY}</arg>
<doc>Sets the delay that is waited after each Selenium command.</doc>
<status status="PASS" starttime="20231120 17:38:24.690" endtime="20231120 17:38:24.690"/>
</kw>
<status status="PASS" starttime="20231120 17:38:24.013" endtime="20231120 17:38:24.690"/>
</kw>
<test id="s1-s3-t1" name="Register With Valid Username And Password" line="8">
<kw name="Go To Register Page" library="resource" type="SETUP">
<kw name="Go To" library="SeleniumLibrary">
<arg>${REGISTER_URL}</arg>
<doc>Navigates the current browser window to the provided ``url``.</doc>
<msg timestamp="20231120 17:38:24.691" level="INFO">Opening url 'http://localhost:5001/register'</msg>
<status status="PASS" starttime="20231120 17:38:24.690" endtime="20231120 17:38:24.717"/>
</kw>
<status status="PASS" starttime="20231120 17:38:24.690" endtime="20231120 17:38:24.717"/>
</kw>
<kw name="Register Page Should Be Open" library="resource">
<kw name="Title Should Be" library="SeleniumLibrary">
<arg>Register</arg>
<doc>Verifies that the current page title equals ``title``.</doc>
<msg timestamp="20231120 17:38:24.720" level="INFO">Page title is 'Register'.</msg>
<status status="PASS" starttime="20231120 17:38:24.717" endtime="20231120 17:38:24.721"/>
</kw>
<status status="PASS" starttime="20231120 17:38:24.717" endtime="20231120 17:38:24.721"/>
</kw>
<kw name="Set Username" library="resource">
<arg>kallee</arg>
<kw name="Input Text" library="SeleniumLibrary">
<arg>username</arg>
<arg>${username}</arg>
<doc>Types the given ``text`` into the text field identified by ``locator``.</doc>
<msg timestamp="20231120 17:38:24.721" level="INFO">Typing text 'kallee' into text field 'username'.</msg>
<status status="PASS" starttime="20231120 17:38:24.721" endtime="20231120 17:38:24.773"/>
</kw>
<status status="PASS" starttime="20231120 17:38:24.721" endtime="20231120 17:38:24.773"/>
</kw>
<kw name="Set Password" library="resource">
<arg>kalle123</arg>
<kw name="Input Password" library="SeleniumLibrary">
<arg>password</arg>
<arg>${password}</arg>
<doc>Types the given password into the text field identified by ``locator``.</doc>
<msg timestamp="20231120 17:38:24.773" level="INFO">Typing password into text field 'password'.</msg>
<msg timestamp="20231120 17:38:24.792" level="INFO">Temporally setting log level to: NONE</msg>
<msg timestamp="20231120 17:38:24.811" level="INFO">Log level changed from NONE to INFO.</msg>
<status status="PASS" starttime="20231120 17:38:24.773" endtime="20231120 17:38:24.811"/>
</kw>
<status status="PASS" starttime="20231120 17:38:24.773" endtime="20231120 17:38:24.811"/>
</kw>
<kw name="Set Password Confirmation" library="resource">
<arg>kalle123</arg>
<kw name="Input Password" library="SeleniumLibrary">
<arg>password_confirmation</arg>
<arg>${password}</arg>
<doc>Types the given password into the text field identified by ``locator``.</doc>
<msg timestamp="20231120 17:38:24.812" level="INFO">Typing password into text field 'password_confirmation'.</msg>
<msg timestamp="20231120 17:38:24.829" level="INFO">Temporally setting log level to: NONE</msg>
<msg timestamp="20231120 17:38:24.848" level="INFO">Log level changed from NONE to INFO.</msg>
<status status="PASS" starttime="20231120 17:38:24.811" endtime="20231120 17:38:24.848"/>
</kw>
<status status="PASS" starttime="20231120 17:38:24.811" endtime="20231120 17:38:24.848"/>
</kw>
<kw name="Click Button" library="SeleniumLibrary">
<arg>Register</arg>
<doc>Clicks the button identified by ``locator``.</doc>
<msg timestamp="20231120 17:38:24.849" level="INFO">Clicking button 'Register'.</msg>
<status status="PASS" starttime="20231120 17:38:24.848" endtime="20231120 17:38:24.887"/>
</kw>
<kw name="Welcome Page Should Be Open" library="resource">
<kw name="Title Should Be" library="SeleniumLibrary">
<arg>Welcome to Ohtu Application!</arg>
<doc>Verifies that the current page title equals ``title``.</doc>
<msg timestamp="20231120 17:38:24.889" level="INFO">Page title is 'Welcome to Ohtu Application!'.</msg>
<status status="PASS" starttime="20231120 17:38:24.887" endtime="20231120 17:38:24.889"/>
</kw>
<status status="PASS" starttime="20231120 17:38:24.887" endtime="20231120 17:38:24.889"/>
</kw>
<status status="PASS" starttime="20231120 17:38:24.690" endtime="20231120 17:38:24.889"/>
</test>
<test id="s1-s3-t2" name="Register With Too Short Username And Valid Password" line="16">
<kw name="Go To Register Page" library="resource" type="SETUP">
<kw name="Go To" library="SeleniumLibrary">
<arg>${REGISTER_URL}</arg>
<doc>Navigates the current browser window to the provided ``url``.</doc>
<msg timestamp="20231120 17:38:24.890" level="INFO">Opening url 'http://localhost:5001/register'</msg>
<status status="PASS" starttime="20231120 17:38:24.890" endtime="20231120 17:38:24.897"/>
</kw>
<status status="PASS" starttime="20231120 17:38:24.890" endtime="20231120 17:38:24.897"/>
</kw>
<kw name="Register Page Should Be Open" library="resource">
<kw name="Title Should Be" library="SeleniumLibrary">
<arg>Register</arg>
<doc>Verifies that the current page title equals ``title``.</doc>
<msg timestamp="20231120 17:38:24.900" level="INFO">Page title is 'Register'.</msg>
<status status="PASS" starttime="20231120 17:38:24.898" endtime="20231120 17:38:24.900"/>
</kw>
<status status="PASS" starttime="20231120 17:38:24.897" endtime="20231120 17:38:24.900"/>
</kw>
<kw name="Set Username" library="resource">
<arg>ka</arg>
<kw name="Input Text" library="SeleniumLibrary">
<arg>username</arg>
<arg>${username}</arg>
<doc>Types the given ``text`` into the text field identified by ``locator``.</doc>
<msg timestamp="20231120 17:38:24.901" level="INFO">Typing text 'ka' into text field 'username'.</msg>
<status status="PASS" starttime="20231120 17:38:24.900" endtime="20231120 17:38:24.933"/>
</kw>
<status status="PASS" starttime="20231120 17:38:24.900" endtime="20231120 17:38:24.933"/>
</kw>
<kw name="Set Password" library="resource">
<arg>kalle123</arg>
<kw name="Input Password" library="SeleniumLibrary">
<arg>password</arg>
<arg>${password}</arg>
<doc>Types the given password into the text field identified by ``locator``.</doc>
<msg timestamp="20231120 17:38:24.934" level="INFO">Typing password into text field 'password'.</msg>
<msg timestamp="20231120 17:38:24.950" level="INFO">Temporally setting log level to: NONE</msg>
<msg timestamp="20231120 17:38:24.969" level="INFO">Log level changed from NONE to INFO.</msg>
<status status="PASS" starttime="20231120 17:38:24.934" endtime="20231120 17:38:24.969"/>
</kw>
<status status="PASS" starttime="20231120 17:38:24.934" endtime="20231120 17:38:24.969"/>
</kw>
<kw name="Set Password Confirmation" library="resource">
<arg>kalle123</arg>
<kw name="Input Password" library="SeleniumLibrary">
<arg>password_confirmation</arg>
<arg>${password}</arg>
<doc>Types the given password into the text field identified by ``locator``.</doc>
<msg timestamp="20231120 17:38:24.970" level="INFO">Typing password into text field 'password_confirmation'.</msg>
<msg timestamp="20231120 17:38:24.984" level="INFO">Temporally setting log level to: NONE</msg>
<msg timestamp="20231120 17:38:25.004" level="INFO">Log level changed from NONE to INFO.</msg>
<status status="PASS" starttime="20231120 17:38:24.969" endtime="20231120 17:38:25.004"/>
</kw>
<status status="PASS" starttime="20231120 17:38:24.969" endtime="20231120 17:38:25.004"/>
</kw>
<kw name="Click Button" library="SeleniumLibrary">
<arg>Register</arg>
<doc>Clicks the button identified by ``locator``.</doc>
<msg timestamp="20231120 17:38:25.004" level="INFO">Clicking button 'Register'.</msg>
<status status="PASS" starttime="20231120 17:38:25.004" endtime="20231120 17:38:25.034"/>
</kw>
<kw name="Register Should Fail With Message">
<arg>Minimum length for username is 3 characters</arg>
<kw name="Register Page Should Be Open" library="resource">
<kw name="Title Should Be" library="SeleniumLibrary">
<arg>Register</arg>
<doc>Verifies that the current page title equals ``title``.</doc>
<msg timestamp="20231120 17:38:25.046" level="INFO">Page title is 'Register'.</msg>
<status status="PASS" starttime="20231120 17:38:25.035" endtime="20231120 17:38:25.046"/>
</kw>
<status status="PASS" starttime="20231120 17:38:25.035" endtime="20231120 17:38:25.046"/>
</kw>
<kw name="Page Should Contain" library="SeleniumLibrary">
<arg>${message}</arg>
<doc>Verifies that current page contains ``text``.</doc>
<msg timestamp="20231120 17:38:25.054" level="INFO">Current page contains text 'Minimum length for username is 3 characters'.</msg>
<status status="PASS" starttime="20231120 17:38:25.046" endtime="20231120 17:38:25.054"/>
</kw>
<status status="PASS" starttime="20231120 17:38:25.034" endtime="20231120 17:38:25.054"/>
</kw>
<status status="PASS" starttime="20231120 17:38:24.890" endtime="20231120 17:38:25.054"/>
</test>
<test id="s1-s3-t3" name="Register With Valid Username And Invalid Password" line="25">
<kw name="Go To Register Page" library="resource" type="SETUP">
<kw name="Go To" library="SeleniumLibrary">
<arg>${REGISTER_URL}</arg>
<doc>Navigates the current browser window to the provided ``url``.</doc>
<msg timestamp="20231120 17:38:25.055" level="INFO">Opening url 'http://localhost:5001/register'</msg>
<status status="PASS" starttime="20231120 17:38:25.055" endtime="20231120 17:38:25.062"/>
</kw>
<status status="PASS" starttime="20231120 17:38:25.055" endtime="20231120 17:38:25.062"/>
</kw>
<kw name="Set Username" library="resource">
<arg>kallee</arg>
<kw name="Input Text" library="SeleniumLibrary">
<arg>username</arg>
<arg>${username}</arg>
<doc>Types the given ``text`` into the text field identified by ``locator``.</doc>
<msg timestamp="20231120 17:38:25.063" level="INFO">Typing text 'kallee' into text field 'username'.</msg>
<status status="PASS" starttime="20231120 17:38:25.063" endtime="20231120 17:38:25.096"/>
</kw>
<status status="PASS" starttime="20231120 17:38:25.063" endtime="20231120 17:38:25.097"/>
</kw>
<kw name="Set Password" library="resource">
<arg>kallekalle</arg>
<kw name="Input Password" library="SeleniumLibrary">
<arg>password</arg>
<arg>${password}</arg>
<doc>Types the given password into the text field identified by ``locator``.</doc>
<msg timestamp="20231120 17:38:25.097" level="INFO">Typing password into text field 'password'.</msg>
<msg timestamp="20231120 17:38:25.112" level="INFO">Temporally setting log level to: NONE</msg>
<msg timestamp="20231120 17:38:25.132" level="INFO">Log level changed from NONE to INFO.</msg>
<status status="PASS" starttime="20231120 17:38:25.097" endtime="20231120 17:38:25.132"/>
</kw>
<status status="PASS" starttime="20231120 17:38:25.097" endtime="20231120 17:38:25.132"/>
</kw>
<kw name="Set Password Confirmation" library="resource">
<arg>kallekalle</arg>
<kw name="Input Password" library="SeleniumLibrary">
<arg>password_confirmation</arg>
<arg>${password}</arg>
<doc>Types the given password into the text field identified by ``locator``.</doc>
<msg timestamp="20231120 17:38:25.133" level="INFO">Typing password into text field 'password_confirmation'.</msg>
<msg timestamp="20231120 17:38:25.148" level="INFO">Temporally setting log level to: NONE</msg>
<msg timestamp="20231120 17:38:25.167" level="INFO">Log level changed from NONE to INFO.</msg>
<status status="PASS" starttime="20231120 17:38:25.132" endtime="20231120 17:38:25.167"/>
</kw>
<status status="PASS" starttime="20231120 17:38:25.132" endtime="20231120 17:38:25.167"/>
</kw>
<kw name="Click Button" library="SeleniumLibrary">
<arg>Register</arg>
<doc>Clicks the button identified by ``locator``.</doc>
<msg timestamp="20231120 17:38:25.168" level="INFO">Clicking button 'Register'.</msg>
<status status="PASS" starttime="20231120 17:38:25.167" endtime="20231120 17:38:25.196"/>
</kw>
<kw name="Register Should Fail With Message">
<arg>Password only contains letters</arg>
<kw name="Register Page Should Be Open" library="resource">
<kw name="Title Should Be" library="SeleniumLibrary">
<arg>Register</arg>
<doc>Verifies that the current page title equals ``title``.</doc>
<msg timestamp="20231120 17:38:25.199" level="INFO">Page title is 'Register'.</msg>
<status status="PASS" starttime="20231120 17:38:25.196" endtime="20231120 17:38:25.199"/>
</kw>
<status status="PASS" starttime="20231120 17:38:25.196" endtime="20231120 17:38:25.199"/>
</kw>
<kw name="Page Should Contain" library="SeleniumLibrary">
<arg>${message}</arg>
<doc>Verifies that current page contains ``text``.</doc>
<msg timestamp="20231120 17:38:25.207" level="INFO">Current page contains text 'Password only contains letters'.</msg>
<status status="PASS" starttime="20231120 17:38:25.199" endtime="20231120 17:38:25.208"/>
</kw>
<status status="PASS" starttime="20231120 17:38:25.196" endtime="20231120 17:38:25.208"/>
</kw>
<status status="PASS" starttime="20231120 17:38:25.055" endtime="20231120 17:38:25.208"/>
</test>
<test id="s1-s3-t4" name="Register With Nonmatching Password And Password Confirmation" line="32">
<kw name="Go To Register Page" library="resource" type="SETUP">
<kw name="Go To" library="SeleniumLibrary">
<arg>${REGISTER_URL}</arg>
<doc>Navigates the current browser window to the provided ``url``.</doc>
<msg timestamp="20231120 17:38:25.209" level="INFO">Opening url 'http://localhost:5001/register'</msg>
<status status="PASS" starttime="20231120 17:38:25.209" endtime="20231120 17:38:25.217"/>
</kw>
<status status="PASS" starttime="20231120 17:38:25.208" endtime="20231120 17:38:25.217"/>
</kw>
<kw name="Set Username" library="resource">
<arg>kallee</arg>
<kw name="Input Text" library="SeleniumLibrary">
<arg>username</arg>
<arg>${username}</arg>
<doc>Types the given ``text`` into the text field identified by ``locator``.</doc>
<msg timestamp="20231120 17:38:25.217" level="INFO">Typing text 'kallee' into text field 'username'.</msg>
<status status="PASS" starttime="20231120 17:38:25.217" endtime="20231120 17:38:25.250"/>
</kw>
<status status="PASS" starttime="20231120 17:38:25.217" endtime="20231120 17:38:25.250"/>
</kw>
<kw name="Set Password" library="resource">
<arg>kallekalle</arg>
<kw name="Input Password" library="SeleniumLibrary">
<arg>password</arg>
<arg>${password}</arg>
<doc>Types the given password into the text field identified by ``locator``.</doc>
<msg timestamp="20231120 17:38:25.251" level="INFO">Typing password into text field 'password'.</msg>
<msg timestamp="20231120 17:38:25.266" level="INFO">Temporally setting log level to: NONE</msg>
<msg timestamp="20231120 17:38:25.285" level="INFO">Log level changed from NONE to INFO.</msg>
<status status="PASS" starttime="20231120 17:38:25.250" endtime="20231120 17:38:25.285"/>
</kw>
<status status="PASS" starttime="20231120 17:38:25.250" endtime="20231120 17:38:25.285"/>
</kw>
<kw name="Set Password Confirmation" library="resource">
<arg>kallekalle1</arg>
<kw name="Input Password" library="SeleniumLibrary">
<arg>password_confirmation</arg>
<arg>${password}</arg>
<doc>Types the given password into the text field identified by ``locator``.</doc>
<msg timestamp="20231120 17:38:25.286" level="INFO">Typing password into text field 'password_confirmation'.</msg>
<msg timestamp="20231120 17:38:25.302" level="INFO">Temporally setting log level to: NONE</msg>
<msg timestamp="20231120 17:38:25.324" level="INFO">Log level changed from NONE to INFO.</msg>
<status status="PASS" starttime="20231120 17:38:25.286" endtime="20231120 17:38:25.324"/>
</kw>
<status status="PASS" starttime="20231120 17:38:25.285" endtime="20231120 17:38:25.324"/>
</kw>
<kw name="Click Button" library="SeleniumLibrary">
<arg>Register</arg>
<doc>Clicks the button identified by ``locator``.</doc>
<msg timestamp="20231120 17:38:25.325" level="INFO">Clicking button 'Register'.</msg>
<status status="PASS" starttime="20231120 17:38:25.324" endtime="20231120 17:38:25.354"/>
</kw>
<kw name="Register Should Fail With Message">
<arg>Passwords do not match</arg>
<kw name="Register Page Should Be Open" library="resource">
<kw name="Title Should Be" library="SeleniumLibrary">
<arg>Register</arg>
<doc>Verifies that the current page title equals ``title``.</doc>
<msg timestamp="20231120 17:38:25.357" level="INFO">Page title is 'Register'.</msg>
<status status="PASS" starttime="20231120 17:38:25.355" endtime="20231120 17:38:25.357"/>
</kw>
<status status="PASS" starttime="20231120 17:38:25.355" endtime="20231120 17:38:25.357"/>
</kw>
<kw name="Page Should Contain" library="SeleniumLibrary">
<arg>${message}</arg>
<doc>Verifies that current page contains ``text``.</doc>
<msg timestamp="20231120 17:38:25.365" level="INFO">Current page contains text 'Passwords do not match'.</msg>
<status status="PASS" starttime="20231120 17:38:25.357" endtime="20231120 17:38:25.365"/>
</kw>
<status status="PASS" starttime="20231120 17:38:25.355" endtime="20231120 17:38:25.365"/>
</kw>
<status status="PASS" starttime="20231120 17:38:25.208" endtime="20231120 17:38:25.366"/>
</test>
<test id="s1-s3-t5" name="Login After Successful Registration" line="39">
<kw name="Go To Register Page" library="resource" type="SETUP">
<kw name="Go To" library="SeleniumLibrary">
<arg>${REGISTER_URL}</arg>
<doc>Navigates the current browser window to the provided ``url``.</doc>
<msg timestamp="20231120 17:38:25.366" level="INFO">Opening url 'http://localhost:5001/register'</msg>
<status status="PASS" starttime="20231120 17:38:25.366" endtime="20231120 17:38:25.374"/>
</kw>
<status status="PASS" starttime="20231120 17:38:25.366" endtime="20231120 17:38:25.374"/>
</kw>
<kw name="Register Page Should Be Open" library="resource">
<kw name="Title Should Be" library="SeleniumLibrary">
<arg>Register</arg>
<doc>Verifies that the current page title equals ``title``.</doc>
<msg timestamp="20231120 17:38:25.376" level="INFO">Page title is 'Register'.</msg>
<status status="PASS" starttime="20231120 17:38:25.374" endtime="20231120 17:38:25.376"/>
</kw>
<status status="PASS" starttime="20231120 17:38:25.374" endtime="20231120 17:38:25.376"/>
</kw>
<kw name="Set Username" library="resource">
<arg>kalleee</arg>
<kw name="Input Text" library="SeleniumLibrary">
<arg>username</arg>
<arg>${username}</arg>
<doc>Types the given ``text`` into the text field identified by ``locator``.</doc>
<msg timestamp="20231120 17:38:25.377" level="INFO">Typing text 'kalleee' into text field 'username'.</msg>
<status status="PASS" starttime="20231120 17:38:25.376" endtime="20231120 17:38:25.410"/>
</kw>
<status status="PASS" starttime="20231120 17:38:25.376" endtime="20231120 17:38:25.411"/>
</kw>
<kw name="Set Password" library="resource">
<arg>kalle123</arg>
<kw name="Input Password" library="SeleniumLibrary">
<arg>password</arg>
<arg>${password}</arg>
<doc>Types the given password into the text field identified by ``locator``.</doc>
<msg timestamp="20231120 17:38:25.411" level="INFO">Typing password into text field 'password'.</msg>
<msg timestamp="20231120 17:38:25.427" level="INFO">Temporally setting log level to: NONE</msg>
<msg timestamp="20231120 17:38:25.447" level="INFO">Log level changed from NONE to INFO.</msg>
<status status="PASS" starttime="20231120 17:38:25.411" endtime="20231120 17:38:25.447"/>
</kw>
<status status="PASS" starttime="20231120 17:38:25.411" endtime="20231120 17:38:25.447"/>
</kw>
<kw name="Set Password Confirmation" library="resource">
<arg>kalle123</arg>
<kw name="Input Password" library="SeleniumLibrary">
<arg>password_confirmation</arg>
<arg>${password}</arg>
<doc>Types the given password into the text field identified by ``locator``.</doc>
<msg timestamp="20231120 17:38:25.448" level="INFO">Typing password into text field 'password_confirmation'.</msg>
<msg timestamp="20231120 17:38:25.463" level="INFO">Temporally setting log level to: NONE</msg>
<msg timestamp="20231120 17:38:25.481" level="INFO">Log level changed from NONE to INFO.</msg>
<status status="PASS" starttime="20231120 17:38:25.448" endtime="20231120 17:38:25.481"/>
</kw>
<status status="PASS" starttime="20231120 17:38:25.448" endtime="20231120 17:38:25.481"/>
</kw>
<kw name="Click Button" library="SeleniumLibrary">
<arg>Register</arg>
<doc>Clicks the button identified by ``locator``.</doc>
<msg timestamp="20231120 17:38:25.482" level="INFO">Clicking button 'Register'.</msg>
<status status="PASS" starttime="20231120 17:38:25.482" endtime="20231120 17:38:25.510"/>
</kw>
<kw name="Welcome Page Should Be Open" library="resource">
<kw name="Title Should Be" library="SeleniumLibrary">
<arg>Welcome to Ohtu Application!</arg>
<doc>Verifies that the current page title equals ``title``.</doc>
<msg timestamp="20231120 17:38:25.512" level="INFO">Page title is 'Welcome to Ohtu Application!'.</msg>
<status status="PASS" starttime="20231120 17:38:25.510" endtime="20231120 17:38:25.512"/>
</kw>
<status status="PASS" starttime="20231120 17:38:25.510" endtime="20231120 17:38:25.512"/>
</kw>
<kw name="Click Link" library="SeleniumLibrary">
<arg>Continue to main page</arg>
<doc>Clicks a link identified by ``locator``.</doc>
<msg timestamp="20231120 17:38:25.513" level="INFO">Clicking link 'Continue to main page'.</msg>
<status status="PASS" starttime="20231120 17:38:25.512" endtime="20231120 17:38:25.541"/>
</kw>
<kw name="Click Button" library="SeleniumLibrary">
<arg>Logout</arg>
<doc>Clicks the button identified by ``locator``.</doc>
<msg timestamp="20231120 17:38:25.542" level="INFO">Clicking button 'Logout'.</msg>
<status status="PASS" starttime="20231120 17:38:25.542" endtime="20231120 17:38:25.579"/>
</kw>
<kw name="Login Page Should Be Open" library="resource">
<kw name="Title Should Be" library="SeleniumLibrary">
<arg>Login</arg>
<doc>Verifies that the current page title equals ``title``.</doc>
<msg timestamp="20231120 17:38:25.581" level="INFO">Page title is 'Login'.</msg>
<status status="PASS" starttime="20231120 17:38:25.579" endtime="20231120 17:38:25.581"/>
</kw>
<status status="PASS" starttime="20231120 17:38:25.579" endtime="20231120 17:38:25.581"/>
</kw>
<kw name="Set Username" library="resource">
<arg>kalle</arg>
<kw name="Input Text" library="SeleniumLibrary">
<arg>username</arg>
<arg>${username}</arg>
<doc>Types the given ``text`` into the text field identified by ``locator``.</doc>
<msg timestamp="20231120 17:38:25.582" level="INFO">Typing text 'kalle' into text field 'username'.</msg>
<status status="PASS" starttime="20231120 17:38:25.582" endtime="20231120 17:38:25.616"/>
</kw>
<status status="PASS" starttime="20231120 17:38:25.581" endtime="20231120 17:38:25.616"/>
</kw>
<kw name="Set Password" library="resource">
<arg>kalle123</arg>
<kw name="Input Password" library="SeleniumLibrary">
<arg>password</arg>
<arg>${password}</arg>
<doc>Types the given password into the text field identified by ``locator``.</doc>
<msg timestamp="20231120 17:38:25.617" level="INFO">Typing password into text field 'password'.</msg>
<msg timestamp="20231120 17:38:25.632" level="INFO">Temporally setting log level to: NONE</msg>
<msg timestamp="20231120 17:38:25.652" level="INFO">Log level changed from NONE to INFO.</msg>
<status status="PASS" starttime="20231120 17:38:25.617" endtime="20231120 17:38:25.652"/>
</kw>
<status status="PASS" starttime="20231120 17:38:25.617" endtime="20231120 17:38:25.652"/>
</kw>
<kw name="Click Button" library="SeleniumLibrary">
<arg>Login</arg>
<doc>Clicks the button identified by ``locator``.</doc>
<msg timestamp="20231120 17:38:25.653" level="INFO">Clicking button 'Login'.</msg>
<status status="PASS" starttime="20231120 17:38:25.652" endtime="20231120 17:38:25.689"/>
</kw>
<kw name="Main Page Should Be Open" library="resource">
<kw name="Title Should Be" library="SeleniumLibrary">
<arg>Ohtu Application main page</arg>
<doc>Verifies that the current page title equals ``title``.</doc>
<msg timestamp="20231120 17:38:25.692" level="INFO">Page title is 'Ohtu Application main page'.</msg>
<status status="PASS" starttime="20231120 17:38:25.690" endtime="20231120 17:38:25.692"/>
</kw>
<status status="PASS" starttime="20231120 17:38:25.690" endtime="20231120 17:38:25.692"/>
</kw>
<status status="PASS" starttime="20231120 17:38:25.366" endtime="20231120 17:38:25.692"/>
</test>
<test id="s1-s3-t6" name="Login After Failed Registration" line="54">
<kw name="Go To Register Page" library="resource" type="SETUP">
<kw name="Go To" library="SeleniumLibrary">
<arg>${REGISTER_URL}</arg>
<doc>Navigates the current browser window to the provided ``url``.</doc>
<msg timestamp="20231120 17:38:25.693" level="INFO">Opening url 'http://localhost:5001/register'</msg>
<status status="PASS" starttime="20231120 17:38:25.693" endtime="20231120 17:38:25.700"/>
</kw>
<status status="PASS" starttime="20231120 17:38:25.693" endtime="20231120 17:38:25.701"/>
</kw>
<kw name="Register Page Should Be Open" library="resource">
<kw name="Title Should Be" library="SeleniumLibrary">
<arg>Register</arg>
<doc>Verifies that the current page title equals ``title``.</doc>
<msg timestamp="20231120 17:38:25.703" level="INFO">Page title is 'Register'.</msg>
<status status="PASS" starttime="20231120 17:38:25.701" endtime="20231120 17:38:25.703"/>
</kw>
<status status="PASS" starttime="20231120 17:38:25.701" endtime="20231120 17:38:25.703"/>
</kw>
<kw name="Set Username" library="resource">
<arg>kalleeee</arg>
<kw name="Input Text" library="SeleniumLibrary">
<arg>username</arg>
<arg>${username}</arg>
<doc>Types the given ``text`` into the text field identified by ``locator``.</doc>
<msg timestamp="20231120 17:38:25.704" level="INFO">Typing text 'kalleeee' into text field 'username'.</msg>
<status status="PASS" starttime="20231120 17:38:25.703" endtime="20231120 17:38:25.738"/>
</kw>
<status status="PASS" starttime="20231120 17:38:25.703" endtime="20231120 17:38:25.739"/>
</kw>
<kw name="Set Password" library="resource">
<arg>kallekalle</arg>
<kw name="Input Password" library="SeleniumLibrary">
<arg>password</arg>
<arg>${password}</arg>
<doc>Types the given password into the text field identified by ``locator``.</doc>
<msg timestamp="20231120 17:38:25.739" level="INFO">Typing password into text field 'password'.</msg>
<msg timestamp="20231120 17:38:25.754" level="INFO">Temporally setting log level to: NONE</msg>
<msg timestamp="20231120 17:38:25.774" level="INFO">Log level changed from NONE to INFO.</msg>
<status status="PASS" starttime="20231120 17:38:25.739" endtime="20231120 17:38:25.774"/>
</kw>
<status status="PASS" starttime="20231120 17:38:25.739" endtime="20231120 17:38:25.774"/>
</kw>
<kw name="Set Password Confirmation" library="resource">
<arg>kallekalle</arg>
<kw name="Input Password" library="SeleniumLibrary">
<arg>password_confirmation</arg>
<arg>${password}</arg>
<doc>Types the given password into the text field identified by ``locator``.</doc>
<msg timestamp="20231120 17:38:25.774" level="INFO">Typing password into text field 'password_confirmation'.</msg>
<msg timestamp="20231120 17:38:25.790" level="INFO">Temporally setting log level to: NONE</msg>
<msg timestamp="20231120 17:38:25.808" level="INFO">Log level changed from NONE to INFO.</msg>
<status status="PASS" starttime="20231120 17:38:25.774" endtime="20231120 17:38:25.808"/>
</kw>
<status status="PASS" starttime="20231120 17:38:25.774" endtime="20231120 17:38:25.809"/>
</kw>
<kw name="Click Button" library="SeleniumLibrary">
<arg>Register</arg>
<doc>Clicks the button identified by ``locator``.</doc>
<msg timestamp="20231120 17:38:25.809" level="INFO">Clicking button 'Register'.</msg>
<status status="PASS" starttime="20231120 17:38:25.809" endtime="20231120 17:38:25.838"/>
</kw>
<kw name="Register Should Fail With Message">
<arg>Password only contains letters</arg>
<kw name="Register Page Should Be Open" library="resource">
<kw name="Title Should Be" library="SeleniumLibrary">
<arg>Register</arg>
<doc>Verifies that the current page title equals ``title``.</doc>
<msg timestamp="20231120 17:38:25.840" level="INFO">Page title is 'Register'.</msg>
<status status="PASS" starttime="20231120 17:38:25.839" endtime="20231120 17:38:25.841"/>
</kw>
<status status="PASS" starttime="20231120 17:38:25.838" endtime="20231120 17:38:25.841"/>
</kw>
<kw name="Page Should Contain" library="SeleniumLibrary">
<arg>${message}</arg>
<doc>Verifies that current page contains ``text``.</doc>
<msg timestamp="20231120 17:38:25.846" level="INFO">Current page contains text 'Password only contains letters'.</msg>
<status status="PASS" starttime="20231120 17:38:25.841" endtime="20231120 17:38:25.846"/>
</kw>
<status status="PASS" starttime="20231120 17:38:25.838" endtime="20231120 17:38:25.846"/>
</kw>
<kw name="Click Link" library="SeleniumLibrary">
<arg>Login</arg>
<doc>Clicks a link identified by ``locator``.</doc>
<msg timestamp="20231120 17:38:25.846" level="INFO">Clicking link 'Login'.</msg>
<status status="PASS" starttime="20231120 17:38:25.846" endtime="20231120 17:38:25.875"/>
</kw>
<kw name="Login Page Should Be Open" library="resource">
<kw name="Title Should Be" library="SeleniumLibrary">
<arg>Login</arg>
<doc>Verifies that the current page title equals ``title``.</doc>
<msg timestamp="20231120 17:38:25.878" level="INFO">Page title is 'Login'.</msg>
<status status="PASS" starttime="20231120 17:38:25.876" endtime="20231120 17:38:25.878"/>
</kw>
<status status="PASS" starttime="20231120 17:38:25.876" endtime="20231120 17:38:25.878"/>
</kw>
<kw name="Set Username" library="resource">
<arg>kalleeee</arg>
<kw name="Input Text" library="SeleniumLibrary">
<arg>username</arg>
<arg>${username}</arg>
<doc>Types the given ``text`` into the text field identified by ``locator``.</doc>
<msg timestamp="20231120 17:38:25.879" level="INFO">Typing text 'kalleeee' into text field 'username'.</msg>
<status status="PASS" starttime="20231120 17:38:25.878" endtime="20231120 17:38:25.913"/>
</kw>
<status status="PASS" starttime="20231120 17:38:25.878" endtime="20231120 17:38:25.913"/>
</kw>
<kw name="Set Password" library="resource">
<arg>kallekalle</arg>
<kw name="Input Password" library="SeleniumLibrary">
<arg>password</arg>
<arg>${password}</arg>
<doc>Types the given password into the text field identified by ``locator``.</doc>
<msg timestamp="20231120 17:38:25.914" level="INFO">Typing password into text field 'password'.</msg>
<msg timestamp="20231120 17:38:25.929" level="INFO">Temporally setting log level to: NONE</msg>
<msg timestamp="20231120 17:38:25.948" level="INFO">Log level changed from NONE to INFO.</msg>
<status status="PASS" starttime="20231120 17:38:25.914" endtime="20231120 17:38:25.948"/>
</kw>
<status status="PASS" starttime="20231120 17:38:25.914" endtime="20231120 17:38:25.948"/>
</kw>
<kw name="Click Button" library="SeleniumLibrary">
<arg>Login</arg>
<doc>Clicks the button identified by ``locator``.</doc>
<msg timestamp="20231120 17:38:25.949" level="INFO">Clicking button 'Login'.</msg>
<status status="PASS" starttime="20231120 17:38:25.948" endtime="20231120 17:38:25.979"/>
</kw>
<kw name="Login Should Fail With Message" library="resource">
<arg>Invalid username or password</arg>
<kw name="Login Page Should Be Open" library="resource">
<kw name="Title Should Be" library="SeleniumLibrary">
<arg>Login</arg>
<doc>Verifies that the current page title equals ``title``.</doc>
<msg timestamp="20231120 17:38:25.982" level="INFO">Page title is 'Login'.</msg>
<status status="PASS" starttime="20231120 17:38:25.979" endtime="20231120 17:38:25.982"/>
</kw>
<status status="PASS" starttime="20231120 17:38:25.979" endtime="20231120 17:38:25.982"/>
</kw>
<kw name="Page Should Contain" library="SeleniumLibrary">
<arg>${message}</arg>
<doc>Verifies that current page contains ``text``.</doc>
<msg timestamp="20231120 17:38:25.990" level="INFO">Current page contains text 'Invalid username or password'.</msg>
<status status="PASS" starttime="20231120 17:38:25.982" endtime="20231120 17:38:25.990"/>
</kw>
<status status="PASS" starttime="20231120 17:38:25.979" endtime="20231120 17:38:25.990"/>
</kw>
<status status="PASS" starttime="20231120 17:38:25.692" endtime="20231120 17:38:25.990"/>
</test>
<kw name="Close Browser" library="SeleniumLibrary" type="TEARDOWN">
<doc>Closes the current browser.</doc>
<status status="PASS" starttime="20231120 17:38:25.991" endtime="20231120 17:38:26.052"/>
</kw>
<status status="PASS" starttime="20231120 17:38:24.008" endtime="20231120 17:38:26.052"/>
</suite>
<status status="PASS" starttime="20231120 17:38:21.909" endtime="20231120 17:38:26.054"/>
</suite>
<statistics>
<total>
<stat pass="11" fail="0" skip="0">All Tests</stat>
</total>
<tag>
</tag>
<suite>
<stat pass="11" fail="0" skip="0" id="s1" name="Tests">Tests</stat>
<stat pass="2" fail="0" skip="0" id="s1-s1" name="Home">Tests.Home</stat>
<stat pass="3" fail="0" skip="0" id="s1-s2" name="Login">Tests.Login</stat>
<stat pass="6" fail="0" skip="0" id="s1-s3" name="Register">Tests.Register</stat>
</suite>
</statistics>
<errors>
</errors>
</robot>
